0 info it worked if it ends with ok
1 verbose cli [ 'C:\\Program Files\\nodejs\\node.exe',
1 verbose cli   'C:\\Program Files\\nodejs\\node_modules\\npm\\bin\\npm-cli.js',
1 verbose cli   'start' ]
2 info using npm@4.1.2
3 info using node@v7.7.1
4 verbose run-script [ 'prestart', 'start', 'poststart' ]
5 info lifecycle riko@0.1.0~prestart: riko@0.1.0
6 silly lifecycle riko@0.1.0~prestart: no script for prestart, continuing
7 info lifecycle riko@0.1.0~start: riko@0.1.0
8 verbose lifecycle riko@0.1.0~start: unsafe-perm in lifecycle true
9 verbose lifecycle riko@0.1.0~start: PATH: C:\Program Files\nodejs\node_modules\npm\bin\node-gyp-bin;c:\GanevWork\Projects\riko\node_modules\.bin;C:\Program Files (x86)\Intel\iCLS Client\;C:\Program Files\Intel\iCLS Client\;C:\ProgramData\Oracle\Java\javapath;C:\WINDOWS\system32;C:\WINDOWS;C:\WINDOWS\System32\Wbem;C:\WINDOWS\System32\WindowsPowerShell\v1.0\;C:\Program Files\PuTTY\;C:\xampp\php;C:\Program Files (x86)\Intel\Intel(R) Management Engine Components\DAL;C:\Program Files\Intel\Intel(R) Management Engine Components\DAL;C:\Program Files (x86)\Intel\Intel(R) Management Engine Components\IPT;C:\Program Files\Intel\Intel(R) Management Engine Components\IPT;C:\Program Files\TortoiseSVN\bin;C:\Program Files\nodejs\;C:\Program Files\Microsoft SQL Server\130\Tools\Binn\;C:\Program Files\dotnet\;C:\Program Files\Git\cmd;C:\xampp\php\ext;C:\xampp\php\bin;C:\WINDOWS\System32\OpenSSH\;C:\Program Files (x86)\Microsoft VS Code\bin;C:\Users\ivelin.ganev\AppData\Local\Microsoft\WindowsApps;C:\Users\ivelin.ganev\AppData\Local\atom\bin;C:\Program Files (x86)\PHP 5.6\php-5.6.30-Win32-VC11-x86;C:\Users\ivelin.ganev\AppData\Roaming\npm;C:\Program Files (x86)\Microsoft VS Code\bin;C:\Users\ivelin.ganev\AppData\Local\Microsoft\WindowsApps;C:\Program Files (x86)\EaseUS\Todo Backup\bin\x64\
10 verbose lifecycle riko@0.1.0~start: CWD: c:\GanevWork\Projects\riko
11 silly lifecycle riko@0.1.0~start: Args: [ '/d /s /c', 'react-scripts start' ]
12 silly lifecycle riko@0.1.0~start: Returned: code: 3221225786  signal: null
13 info lifecycle riko@0.1.0~start: Failed to exec start script
14 verbose stack Error: riko@0.1.0 start: `react-scripts start`
14 verbose stack Exit status 3221225786
14 verbose stack     at EventEmitter.<anonymous> (C:\Program Files\nodejs\node_modules\npm\lib\utils\lifecycle.js:279:16)
14 verbose stack     at emitTwo (events.js:106:13)
14 verbose stack     at EventEmitter.emit (events.js:194:7)
14 verbose stack     at ChildProcess.<anonymous> (C:\Program Files\nodejs\node_modules\npm\lib\utils\spawn.js:40:14)
14 verbose stack     at emitTwo (events.js:106:13)
14 verbose stack     at ChildProcess.emit (events.js:194:7)
14 verbose stack     at maybeClose (internal/child_process.js:899:16)
14 verbose stack     at Process.ChildProcess._handle.onexit (internal/child_process.js:226:5)
15 verbose pkgid riko@0.1.0
16 verbose cwd c:\GanevWork\Projects\riko
17 error Windows_NT 10.0.17134
18 error argv "C:\\Program Files\\nodejs\\node.exe" "C:\\Program Files\\nodejs\\node_modules\\npm\\bin\\npm-cli.js" "start"
19 error node v7.7.1
20 error npm  v4.1.2
21 error code ELIFECYCLE
22 error riko@0.1.0 start: `react-scripts start`
22 error Exit status 3221225786
23 error Failed at the riko@0.1.0 start script 'react-scripts start'.
23 error Make sure you have the latest version of node.js and npm installed.
23 error If you do, this is most likely a problem with the riko package,
23 error not with npm itself.
23 error Tell the author that this fails on your system:
23 error     react-scripts start
23 error You can get information on how to open an issue for this project with:
23 error     npm bugs riko
23 error Or if that isn't available, you can get their info via:
23 error     npm owner ls riko
23 error There is likely additional logging output above.
24 verbose exit [ 1, true ]
